2021-10-28 16:15:47  EFI HP BIOS Update 3.3.0.0 Started
2021-10-28 16:15:47  HP BIOS Image Interface Protocol Version 3.0
2021-10-28 16:15:47  BattInit: Protocol 2010.
2021-10-28 16:15:48  All Required Protocols Located
2021-10-28 16:15:48  System ID: 22DA
2021-10-28 16:15:48  HpBiosUpdate.Mode = 0
2021-10-28 16:15:48  Current Directory = Hewlett-Packard\BIOSUpdate\
2021-10-28 16:15:48  SMBIOS Init Success
2021-10-28 16:15:48  SystemFamily = 1
2021-10-28 16:15:48  PlatformLang reported as en-US.
2021-10-28 16:15:48  Language Selected is currently (eng).
2021-10-28 16:15:48  Starting BIOS Update Process
2021-10-28 16:15:48  Setting BIOS Update Token
2021-10-28 16:15:48  Getting BIOS Detail Information
2021-10-28 16:15:48  BIOS Returned BiosID 'M85'
2021-10-28 16:15:48  SMBIOS reports current BIOS version as 'M85 Ver. 01.34'
2021-10-28 16:15:48  Version (M85 Ver. 01.34) to MMmm (0134)
2021-10-28 16:15:48  Loading BIOS Image
2021-10-28 16:15:48  Found a candidate: M85_0150.bin
2021-10-28 16:15:48  Candidate updated from <null string> to M85_0150.bin
2021-10-28 16:15:48  Reading New BIOS Image Hewlett-Packard\BIOS\New\M85_0150.bin
2021-10-28 16:15:48  Getting BIOS version from file image
2021-10-28 16:15:48  New 2013 Bios Version = 01.50
2021-10-28 16:15:48  Verifying AC or Battery Power Status
2021-10-28 16:15:53  Verifying Binary match
2021-10-28 16:15:53  Loading Signature File
2021-10-28 16:15:53  Bios Verify Signature Success (Success)
2021-10-28 16:15:53  Loading Password File if required
2021-10-28 16:15:53  Failed Reading BIOS Password File Hewlett-Packard\BIOS\New\M85_0150.pwd
2021-10-28 16:15:53  GPPDotPwd file name is Hewlett-Packard\BIOS\New\M85.pwd
2021-10-28 16:15:53  Failed Reading BIOS Password File Hewlett-Packard\BIOS\New\M85.pwd
2021-10-28 16:15:53  Failed Loading BIOS Password File (Not Found)
2021-10-28 16:15:55  Failed BIOS Admin Password Prompt (Aborted)
2021-10-28 16:15:55  Setting Flash Completion Status
2021-10-28 16:15:55  BIOS Update Process Complete
